<?xml version="1.0" encoding="UTF-8"?>
<testng-results ignored="0" total="2" passed="2" failed="0" skipped="0">
  <reporter-output>
    <line>
      <![CDATA[Email id entered is : srajan.falke@gmail.com]]>
    </line>
    <line>
      <![CDATA[Email id entered is : srajan@1991]]>
    </line>
    <line>
      <![CDATA[login results are displayed.]]>
    </line>
    <line>
      <![CDATA[Email id entered is : srajan.falke@gmail.com]]>
    </line>
    <line>
      <![CDATA[Email id entered is : srajan@1992]]>
    </line>
    <line>
      <![CDATA[login results are displayed.]]>
    </line>
  </reporter-output>
  <suite started-at="2021-11-30T16:30:02 IST" name="Default suite" finished-at="2021-11-30T16:30:21 IST" duration-ms="18942">
    <groups>
    </groups>
    <test started-at="2021-11-30T16:30:02 IST" name="Default test" finished-at="2021-11-30T16:30:21 IST" duration-ms="18942">
      <class name="com.qa.google.pages.Login">
        <test-method is-config="true" signature="setUp()[pri:0, instance:com.qa.google.pages.Login@10d307f1]" started-at="2021-11-30T16:30:02 IST" name="setUp" finished-at="2021-11-30T16:30:09 IST" duration-ms="6907" status="PASS">
          <reporter-output>
          </reporter-output>
        </test-method> <!-- setUp -->
        <test-method signature="loginTest(java.lang.String,java.lang.String)[pri:0, instance:com.qa.google.pages.Login@10d307f1]" started-at="2021-11-30T16:30:09 IST" name="loginTest" data-provider="LoginDataProvider" finished-at="2021-11-30T16:30:10 IST" duration-ms="442" status="PASS">
          <params>
            <param index="0">
              <value>
                <![CDATA[srajan.falke@gmail.com]]>
              </value>
            </param>
            <param index="1">
              <value>
                <![CDATA[srajan@1991]]>
              </value>
            </param>
          </params>
          <reporter-output>
            <line>
              <![CDATA[Email id entered is : srajan.falke@gmail.com]]>
            </line>
            <line>
              <![CDATA[Email id entered is : srajan@1991]]>
            </line>
            <line>
              <![CDATA[login results are displayed.]]>
            </line>
          </reporter-output>
        </test-method> <!-- loginTest -->
        <test-method is-config="true" signature="burnDown()[pri:0, instance:com.qa.google.pages.Login@10d307f1]" started-at="2021-11-30T16:30:10 IST" name="burnDown" finished-at="2021-11-30T16:30:11 IST" duration-ms="896" status="PASS">
          <reporter-output>
          </reporter-output>
        </test-method> <!-- burnDown -->
        <test-method is-config="true" signature="setUp()[pri:0, instance:com.qa.google.pages.Login@10d307f1]" started-at="2021-11-30T16:30:11 IST" name="setUp" finished-at="2021-11-30T16:30:20 IST" duration-ms="9328" status="PASS">
          <reporter-output>
          </reporter-output>
        </test-method> <!-- setUp -->
        <test-method signature="loginTest(java.lang.String,java.lang.String)[pri:0, instance:com.qa.google.pages.Login@10d307f1]" started-at="2021-11-30T16:30:20 IST" name="loginTest" data-provider="LoginDataProvider" finished-at="2021-11-30T16:30:20 IST" duration-ms="394" status="PASS">
          <params>
            <param index="0">
              <value>
                <![CDATA[srajan.falke@gmail.com]]>
              </value>
            </param>
            <param index="1">
              <value>
                <![CDATA[srajan@1992]]>
              </value>
            </param>
          </params>
          <reporter-output>
            <line>
              <![CDATA[Email id entered is : srajan.falke@gmail.com]]>
            </line>
            <line>
              <![CDATA[Email id entered is : srajan@1992]]>
            </line>
            <line>
              <![CDATA[login results are displayed.]]>
            </line>
          </reporter-output>
        </test-method> <!-- loginTest -->
        <test-method is-config="true" signature="burnDown()[pri:0, instance:com.qa.google.pages.Login@10d307f1]" started-at="2021-11-30T16:30:20 IST" name="burnDown" finished-at="2021-11-30T16:30:21 IST" duration-ms="912" status="PASS">
          <reporter-output>
          </reporter-output>
        </test-method> <!-- burnDown -->
      </class> <!-- com.qa.google.pages.Login -->
    </test> <!-- Default test -->
  </suite> <!-- Default suite -->
</testng-results>
